<?xml version="1.0" encoding="UTF-8"?>
<!-- Generated by org.testng.reporters.JUnitReportReporter -->
<testsuite hostname="DESKTOP-RD86NMQ" failures="0" tests="1" name="com.bardab.webdriver.basics.RAdioButtonTest" time="5.676" errors="0" timestamp="2021-01-17T12:35:42 CET" skipped="0">
  <testcase classname="com.bardab.webdriver.basics.RAdioButtonTest" name="selectRadioButtonTest" time="5.676"/>
  <system-out/>
</testsuite> <!-- com.bardab.webdriver.basics.RAdioButtonTest -->
