<?xml version="1.0" encoding="UTF-8"?>
<!-- Generated by org.testng.reporters.JUnitReportReporter -->
<testsuite ignored="0" hostname="DESKTOP-RD86NMQ" failures="0" tests="1" name="com.bardab.webdriver.scenarios.AutomatedScreenshotTest" time="0.659" errors="0" timestamp="19 Jan 2021 20:08:39 GMT" skipped="0">
  <testcase classname="com.bardab.webdriver.scenarios.AutomatedScreenshotTest" name="getSecondWindowTest" time="0.659"/>
</testsuite> <!-- com.bardab.webdriver.scenarios.AutomatedScreenshotTest -->
