<?xml version="1.0" encoding="UTF-8"?>
<!-- Generated by org.testng.reporters.JUnitReportReporter -->
<testsuite ignored="0" hostname="DESKTOP-RD86NMQ" failures="0" tests="2" name="com.bardab.webdriver.scenarios.PlayingWithScreenTest" time="24.381" errors="0" timestamp="18 Jan 2021 10:31:31 GMT" skipped="0">
  <testcase classname="com.bardab.webdriver.scenarios.PlayingWithScreenTest" name="switchBetweenPagesTest" time="13.156"/>
  <testcase classname="com.bardab.webdriver.scenarios.PlayingWithScreenTest" name="resizeWindowTest" time="11.225"/>
</testsuite> <!-- com.bardab.webdriver.scenarios.PlayingWithScreenTest -->
