<?xml version="1.0" encoding="UTF-8"?>
<!-- Generated by org.testng.reporters.JUnitReportReporter -->
<testsuite ignored="0" hostname="DESKTOP-RD86NMQ" failures="0" tests="1" name="com.bardab.differentbrowsers.HeadlessBrowsersTest" time="4.827" errors="0" timestamp="22 Jan 2021 08:04:53 GMT" skipped="0">
  <testcase classname="com.bardab.differentbrowsers.HeadlessBrowsersTest" name="headlessChrome" time="4.827"/>
</testsuite> <!-- com.bardab.differentbrowsers.HeadlessBrowsersTest -->
