<?xml version="1.0" encoding="UTF-8"?>
<!-- Generated by org.testng.reporters.JUnitReportReporter -->
<testsuite ignored="0" hostname="DESKTOP-RD86NMQ" failures="0" tests="8" name="com.bardab.SeleniumHubTest" time="78.356" errors="0" timestamp="01 Feb 2021 10:08:28 GMT" skipped="0">
  <testcase classname="com.bardab.SeleniumHubTest" name="inFirefox" time="11.519"/>
  <testcase classname="com.bardab.SeleniumHubTest" name="inChrome" time="8.566"/>
  <testcase classname="com.bardab.SeleniumHubTest" name="inChrome" time="6.993"/>
  <testcase classname="com.bardab.SeleniumHubTest" name="inFirefox" time="10.931"/>
  <testcase classname="com.bardab.SeleniumHubTest" name="inFirefox" time="11.975"/>
  <testcase classname="com.bardab.SeleniumHubTest" name="inChrome" time="8.426"/>
  <testcase classname="com.bardab.SeleniumHubTest" name="inChrome" time="7.678"/>
  <testcase classname="com.bardab.SeleniumHubTest" name="inFirefox" time="12.268"/>
</testsuite> <!-- com.bardab.SeleniumHubTest -->
