<?xml version="1.0" encoding="UTF-8"?>
<!-- Generated by org.testng.reporters.JUnitReportReporter -->
<testsuite hostname="DESKTOP-RD86NMQ" failures="0" tests="2" name="com.bardab.webdriver.basics.LocateWithXPathTest" time="1.154" errors="0" timestamp="2021-01-15T08:59:29 CET" skipped="0">
  <testcase classname="com.bardab.webdriver.basics.LocateWithXPathTest" name="locateByXPath" time="0.714"/>
  <system-out/>
  <testcase classname="com.bardab.webdriver.basics.LocateWithXPathTest" name="locateByXPathAfterSorting" time="0.440"/>
  <system-out/>
</testsuite> <!-- com.bardab.webdriver.basics.LocateWithXPathTest -->
