<?xml version="1.0" encoding="UTF-8"?>
<!-- Generated by org.testng.reporters.JUnitReportReporter -->
<testsuite ignored="0" hostname="DESKTOP-RD86NMQ" failures="0" tests="2" name="com.bardab.webdriver.scenarios.NewWindowTest" time="3.104" errors="0" timestamp="19 Jan 2021 18:37:30 GMT" skipped="0">
  <testcase classname="com.bardab.webdriver.scenarios.NewWindowTest" name="switchToNewlyOpenedWindow" time="2.517"/>
  <testcase classname="com.bardab.webdriver.scenarios.NewWindowTest" name="getSecondWindowTest" time="0.587"/>
</testsuite> <!-- com.bardab.webdriver.scenarios.NewWindowTest -->
