<?xml version="1.0" encoding="UTF-8"?>
<!-- Generated by org.testng.reporters.JUnitReportReporter -->
<testsuite ignored="0" hostname="DESKTOP-RD86NMQ" failures="0" tests="2" name="com.bardab.crossbrowserframework.CrossBrowserTest" time="1.909" errors="0" timestamp="22 Jan 2021 08:59:29 GMT" skipped="0">
  <testcase classname="com.bardab.crossbrowserframework.CrossBrowserTest" name="pageTest" time="1.048"/>
  <testcase classname="com.bardab.crossbrowserframework.CrossBrowserTest" name="pageTest" time="0.861"/>
</testsuite> <!-- com.bardab.crossbrowserframework.CrossBrowserTest -->
