<?xml version="1.0" encoding="UTF-8"?>
<!-- Generated by org.testng.reporters.JUnitReportReporter -->
<testsuite ignored="0" hostname="DESKTOP-RD86NMQ" failures="0" tests="3" name="com.bardab.ddt.LoginTestWithCSV" time="16.698" errors="0" timestamp="26 Jan 2021 08:59:32 GMT" skipped="0">
  <testcase classname="com.bardab.ddt.LoginTestWithCSV" name="testSuccessfulLogins" time="4.316"/>
  <testcase classname="com.bardab.ddt.LoginTestWithCSV" name="testSuccessfulLogins" time="7.732"/>
  <testcase classname="com.bardab.ddt.LoginTestWithCSV" name="testSuccessfulLogins" time="4.650"/>
</testsuite> <!-- com.bardab.ddt.LoginTestWithCSV -->
