<?xml version="1.0" encoding="UTF-8"?>
<!-- Generated by org.testng.reporters.JUnitReportReporter -->
<testsuite hostname="DESKTOP-RD86NMQ" failures="0" tests="1" name="com.bardab.webdriver.basics.LocateByClassTest" time="3.400" errors="0" timestamp="2021-01-13T10:27:21 CET" skipped="0">
  <testcase classname="com.bardab.webdriver.basics.LocateByClassTest" name="locateByClass" time="3.400"/>
  <system-out/>
</testsuite> <!-- com.bardab.webdriver.basics.LocateByClassTest -->
