<?xml version="1.0" encoding="UTF-8"?>
<!-- Generated by org.testng.reporters.JUnitReportReporter -->
<testsuite ignored="0" hostname="DESKTOP-RD86NMQ" failures="0" tests="3" name="com.bardab.ddt.LoginTest" time="14.641" errors="0" timestamp="25 Jan 2021 08:54:10 GMT" skipped="0">
  <testcase classname="com.bardab.ddt.LoginTest" name="testSuccessfulLogins" time="4.281"/>
  <testcase classname="com.bardab.ddt.LoginTest" name="testSuccessfulLogins" time="4.437"/>
  <testcase classname="com.bardab.ddt.LoginTest" name="testSuccessfulLogins" time="5.923"/>
</testsuite> <!-- com.bardab.ddt.LoginTest -->
