<?xml version="1.0" encoding="UTF-8"?>
<!-- Generated by org.testng.reporters.JUnitReportReporter -->
<testsuite ignored="0" hostname="DESKTOP-RD86NMQ" failures="0" tests="1" name="com.bardab.webdriver.scenarios.CheckStyleTest" time="1.231" errors="0" timestamp="18 Jan 2021 10:01:38 GMT" skipped="0">
  <testcase classname="com.bardab.webdriver.scenarios.CheckStyleTest" name="exploreWebElementInterface" time="1.231"/>
</testsuite> <!-- com.bardab.webdriver.scenarios.CheckStyleTest -->
