<?xml version="1.0" encoding="UTF-8"?>
<!-- Generated by org.testng.reporters.JUnitReportReporter -->
<testsuite ignored="0" hostname="DESKTOP-RD86NMQ" failures="0" tests="1" name="com.bardab.webdriver.scenarios.RunJavaScriptTest" time="5.193" errors="0" timestamp="20 Jan 2021 12:28:06 GMT" skipped="0">
  <testcase classname="com.bardab.webdriver.scenarios.RunJavaScriptTest" name="getSecondWindowTest" time="5.193"/>
</testsuite> <!-- com.bardab.webdriver.scenarios.RunJavaScriptTest -->
