<?xml version="1.0" encoding="UTF-8"?>
<!-- Generated by org.testng.reporters.JUnitReportReporter -->
<testsuite hostname="DESKTOP-RD86NMQ" failures="0" tests="1" name="com.bardab.webdriver.basics.CheckBoxesTest" time="20.446" errors="0" timestamp="2021-01-17T12:04:46 CET" skipped="0">
  <testcase classname="com.bardab.webdriver.basics.CheckBoxesTest" name="checkBoxesTest" time="20.446"/>
  <system-out/>
</testsuite> <!-- com.bardab.webdriver.basics.CheckBoxesTest -->
