<?xml version="1.0" encoding="UTF-8"?>
<!-- Generated by org.testng.reporters.JUnitReportReporter -->
<testsuite ignored="0" hostname="DESKTOP-RD86NMQ" failures="0" tests="3" name="com.bardab.ddt.LoginTestWithXLSX" time="18.663" errors="0" timestamp="27 Jan 2021 07:57:33 GMT" skipped="0">
  <testcase classname="com.bardab.ddt.LoginTestWithXLSX" name="testSuccessfulLogins" time="4.286"/>
  <testcase classname="com.bardab.ddt.LoginTestWithXLSX" name="testSuccessfulLogins" time="4.794"/>
  <testcase classname="com.bardab.ddt.LoginTestWithXLSX" name="testSuccessfulLogins" time="9.583"/>
</testsuite> <!-- com.bardab.ddt.LoginTestWithXLSX -->
