<?xml version="1.0" encoding="UTF-8"?>
<!-- Generated by org.testng.reporters.JUnitReportReporter -->
<testsuite ignored="0" hostname="DESKTOP-RD86NMQ" failures="0" tests="1" name="com.bardab.webdriver.scenarios.AlertsTest" time="6.488" errors="0" timestamp="19 Jan 2021 14:15:48 GMT" skipped="0">
  <testcase classname="com.bardab.webdriver.scenarios.AlertsTest" name="javaScriptAlertTest" time="6.488"/>
</testsuite> <!-- com.bardab.webdriver.scenarios.AlertsTest -->
