<?xml version="1.0" encoding="UTF-8"?>
<!-- Generated by org.testng.reporters.JUnitReportReporter -->
<testsuite hostname="DESKTOP-RD86NMQ" failures="0" tests="2" name="com.bardab.webdriver.basics.LinkTextTest" time="4.109" errors="0" timestamp="2021-01-13T10:01:23 CET" skipped="0">
  <testcase classname="com.bardab.webdriver.basics.LinkTextTest" name="getByPartialLinkTextAndClickIt" time="3.528"/>
  <system-out/>
  <testcase classname="com.bardab.webdriver.basics.LinkTextTest" name="getLinkAndClickIt" time="0.581"/>
  <system-out/>
</testsuite> <!-- com.bardab.webdriver.basics.LinkTextTest -->
