<?xml version="1.0" encoding="UTF-8"?>
<!-- Generated by org.testng.reporters.JUnitReportReporter -->
<testsuite hostname="DESKTOP-RD86NMQ" failures="0" tests="2" name="com.bardab.webdriver.basics.WebDriverBasicLocatorsWithTagTest" time="6.832" errors="0" timestamp="2021-01-12T22:19:24 CET" skipped="0">
  <testcase classname="com.bardab.webdriver.basics.WebDriverBasicLocatorsWithTagTest" name="testLoginButton" time="0.054"/>
  <system-out/>
  <testcase classname="com.bardab.webdriver.basics.WebDriverBasicLocatorsWithTagTest" name="testFirstInput" time="6.778"/>
  <system-out/>
</testsuite> <!-- com.bardab.webdriver.basics.WebDriverBasicLocatorsWithTagTest -->
