<?xml version="1.0" encoding="UTF-8"?>
<!-- Generated by org.testng.reporters.JUnitReportReporter -->
<testsuite hostname="DESKTOP-RD86NMQ" failures="0" tests="2" name="com.bardab.webdriver.basics.LocateWithCSSSelectorsTest" time="2.027" errors="0" timestamp="2021-01-14T14:26:11 CET" skipped="0">
  <testcase classname="com.bardab.webdriver.basics.LocateWithCSSSelectorsTest" name="locateByCSS" time="0.893"/>
  <system-out/>
  <testcase classname="com.bardab.webdriver.basics.LocateWithCSSSelectorsTest" name="locateByCSSAfterSorting" time="1.134"/>
  <system-out/>
</testsuite> <!-- com.bardab.webdriver.basics.LocateWithCSSSelectorsTest -->
