<?xml version="1.0" encoding="UTF-8"?>
<!-- Generated by org.testng.reporters.JUnitReportReporter -->
<testsuite ignored="0" hostname="DESKTOP-RD86NMQ" failures="0" tests="1" name="com.bardab.webdriver.scenarios.FramesExampleTest" time="0.615" errors="0" timestamp="19 Jan 2021 18:57:24 GMT" skipped="0">
  <testcase classname="com.bardab.webdriver.scenarios.FramesExampleTest" name="getSecondWindowTest" time="0.615"/>
</testsuite> <!-- com.bardab.webdriver.scenarios.FramesExampleTest -->
