<?xml version="1.0" encoding="UTF-8"?>
<!-- Generated by org.testng.reporters.JUnitReportReporter -->
<testsuite hostname="DESKTOP-RD86NMQ" failures="0" tests="2" name="com.bardab.webdriver.basics.FromElementTextTest" time="4.607" errors="0" timestamp="2021-01-17T11:04:18 CET" skipped="0">
  <testcase classname="com.bardab.webdriver.basics.FromElementTextTest" name="findTextAreaElement" time="3.766"/>
  <system-out/>
  <testcase classname="com.bardab.webdriver.basics.FromElementTextTest" name="findByTextElement" time="0.841"/>
  <system-out/>
</testsuite> <!-- com.bardab.webdriver.basics.FromElementTextTest -->
