<?xml version="1.0" encoding="UTF-8"?>
<!-- Generated by org.testng.reporters.JUnitReportReporter -->
<testsuite ignored="0" hostname="DESKTOP-RD86NMQ" failures="0" tests="1" name="com.bardab.webdriver.scenarios.AccessTablesTest" time="0.752" errors="0" timestamp="21 Jan 2021 07:39:18 GMT" skipped="0">
  <testcase classname="com.bardab.webdriver.scenarios.AccessTablesTest" name="getTableCell" time="0.752"/>
</testsuite> <!-- com.bardab.webdriver.scenarios.AccessTablesTest -->
