<?xml version="1.0" encoding="UTF-8"?>
<!-- Generated by org.testng.reporters.JUnitReportReporter -->
<testsuite ignored="0" hostname="DESKTOP-RD86NMQ" failures="0" tests="1" name="com.bardab.differentbrowsers.IETest" time="18.148" errors="0" timestamp="21 Jan 2021 08:49:50 GMT" skipped="0">
  <testcase classname="com.bardab.differentbrowsers.IETest" name="f" time="18.148"/>
</testsuite> <!-- com.bardab.differentbrowsers.IETest -->
