<?xml version="1.0" encoding="UTF-8"?>
<!-- Generated by org.testng.reporters.JUnitReportReporter -->
<testsuite hostname="DESKTOP-RD86NMQ" failures="0" tests="2" name="com.bardab.webdriver.basics.WebDriverBasicLocatorTest" time="0.098" errors="0" timestamp="2021-01-12T12:17:42 CET" skipped="0">
  <testcase classname="com.bardab.webdriver.basics.WebDriverBasicLocatorTest" name="f" time="0.030"/>
  <system-out/>
  <testcase classname="com.bardab.webdriver.basics.WebDriverBasicLocatorTest" name="testGetInformationAboutName" time="0.068"/>
  <system-out/>
</testsuite> <!-- com.bardab.webdriver.basics.WebDriverBasicLocatorTest -->
