<?xml version="1.0" encoding="UTF-8"?>
<!-- Generated by org.testng.reporters.JUnitReportReporter -->
<testsuite hostname="DESKTOP-RD86NMQ" failures="0" tests="3" name="com.bardab.webdriver.basics.PerformanceTestWithCSSLocators" time="1.854" errors="0" timestamp="2021-01-15T09:35:58 CET" skipped="0">
  <testcase classname="com.bardab.webdriver.basics.PerformanceTestWithCSSLocators" name="locateByCSSPerformance" time="0.510"/>
  <system-out/>
  <testcase classname="com.bardab.webdriver.basics.PerformanceTestWithCSSLocators" name="locateByXPath" time="0.545"/>
  <system-out/>
  <testcase classname="com.bardab.webdriver.basics.PerformanceTestWithCSSLocators" name="locateByCSS" time="0.799"/>
  <system-out/>
</testsuite> <!-- com.bardab.webdriver.basics.PerformanceTestWithCSSLocators -->
