<?xml version="1.0" encoding="UTF-8"?>
<!-- Generated by org.testng.reporters.JUnitReportReporter -->
<testsuite hostname="DESKTOP-RD86NMQ" failures="0" tests="1" name="com.bardab.webdriver.basics.LoginPageTest" time="8.778" errors="0" timestamp="2021-01-13T09:35:37 CET" skipped="0">
  <testcase classname="com.bardab.webdriver.basics.LoginPageTest" name="loginTest" time="8.778"/>
  <system-out/>
</testsuite> <!-- com.bardab.webdriver.basics.LoginPageTest -->
