<?xml version="1.0" encoding="UTF-8"?>
<!-- Generated by org.testng.reporters.JUnitReportReporter -->
<testsuite ignored="0" hostname="DESKTOP-RD86NMQ" failures="0" tests="1" name="com.bardab.pom.UpdateToDoTest" time="15.541" errors="0" timestamp="28 Jan 2021 08:59:37 GMT" skipped="0">
  <testcase classname="com.bardab.pom.UpdateToDoTest" name="updateToDo" time="15.541"/>
</testsuite> <!-- com.bardab.pom.UpdateToDoTest -->
