<?xml version="1.0" encoding="UTF-8"?>
<!-- Generated by org.testng.reporters.JUnitReportReporter -->
<testsuite hostname="DESKTOP-RD86NMQ" failures="0" tests="3" name="com.bardab.webdriver.basics.WebDriverBasicLocatorTestingWithName" time="0.487" errors="0" timestamp="2021-01-12T17:09:07 CET" skipped="0">
  <testcase classname="com.bardab.webdriver.basics.WebDriverBasicLocatorTestingWithName" name="testGetInformationAboutEmail" time="0.242"/>
  <system-out/>
  <testcase classname="com.bardab.webdriver.basics.WebDriverBasicLocatorTestingWithName" name="testGetInformationAboutRememberMe" time="0.120"/>
  <system-out/>
  <testcase classname="com.bardab.webdriver.basics.WebDriverBasicLocatorTestingWithName" name="testGetInformationAboutPassword" time="0.125"/>
  <system-out/>
</testsuite> <!-- com.bardab.webdriver.basics.WebDriverBasicLocatorTestingWithName -->
