<?xml version="1.0" encoding="UTF-8"?>
<!-- Generated by org.testng.reporters.JUnitReportReporter -->
<testsuite ignored="0" hostname="DESKTOP-RD86NMQ" failures="0" tests="4" name="com.bardab.StandaloneTest" time="47.107" errors="0" timestamp="01 Feb 2021 09:38:21 GMT" skipped="0">
  <testcase classname="com.bardab.StandaloneTest" name="hub" time="12.493"/>
  <testcase classname="com.bardab.StandaloneTest" name="hub" time="10.277"/>
  <testcase classname="com.bardab.StandaloneTest" name="hub" time="12.069"/>
  <testcase classname="com.bardab.StandaloneTest" name="hub" time="12.268"/>
</testsuite> <!-- com.bardab.StandaloneTest -->
