<?xml version="1.0" encoding="UTF-8"?>
<!-- Generated by org.testng.reporters.JUnitReportReporter -->
<testsuite ignored="0" hostname="DESKTOP-RD86NMQ" failures="0" tests="2" name="com.bardab.webdriver.scenarios.ModalTests" time="3.103" errors="0" timestamp="19 Jan 2021 13:51:44 GMT" skipped="0">
  <testcase classname="com.bardab.webdriver.scenarios.ModalTests" name="modalTest" time="2.770"/>
  <testcase classname="com.bardab.webdriver.scenarios.ModalTests" name="modalTest_expectingException" time="0.333"/>
</testsuite> <!-- com.bardab.webdriver.scenarios.ModalTests -->
