<?xml version="1.0" encoding="UTF-8"?>
<!-- Generated by org.testng.reporters.JUnitReportReporter -->
<testsuite ignored="0" hostname="DESKTOP-RD86NMQ" failures="0" tests="1" name="com.bardab.differentbrowsers.FireFoxTest" time="0.639" errors="0" timestamp="21 Jan 2021 08:44:01 GMT" skipped="0">
  <testcase classname="com.bardab.differentbrowsers.FireFoxTest" name="runInFirefox" time="0.639"/>
</testsuite> <!-- com.bardab.differentbrowsers.FireFoxTest -->
